2021-06-03 17:02:14,024:payments.piastrix_lib:{'amount': '100', 'shop_id': '5', 'currency': '978', 'shop_order_id': '102', 'description': 'for me', 'sign': 'bd88b00a3a9a867dcb1cab65b24ce451b0c43edea6769e77879ede80aa8d6b14'}
2021-06-03 17:03:31,480:payments.piastrix_lib:{'payer_currency': '840', 'shop_amount': '100', 'shop_currency': '840', 'shop_id': '5', 'shop_order_id': '103', 'description': 'for margo', 'sign': '8480c2a23efd795c96941013546439b3bb54ea9eac698589cdf5b9cfb461b6fa'}
2021-06-03 17:04:26,757:payments.piastrix_lib:{'amount': '100', 'currency': '643', 'shop_id': '5', 'payway': 'advcash_rub', 'shop_order_id': '101', 'description': 'for my family', 'sign': 'a9f36563c6634c466435db128e22dcaeceddc198a834f32074c96e08b4df6620'}
2021-06-03 17:05:27,094:payments.piastrix_lib:{'amount': '200', 'currency': '643', 'shop_id': '5', 'payway': 'advcash_rub', 'shop_order_id': '101', 'description': 'for my family', 'sign': '9580418ad046a6b5448b7d38fb09ea038f505a7598c2dd712372a4239c80e2d7'}
2021-06-03 17:05:51,615:payments.piastrix_lib:{'payer_currency': '840', 'shop_amount': '200', 'shop_currency': '840', 'shop_id': '5', 'shop_order_id': '103', 'description': 'for my family', 'sign': '97595228b8d346b03ca7930d5836f947be1eddf420e582e2e4d9e24391e21b66'}
2021-06-03 17:22:30,441:payments.piastrix_lib:{'amount': '200', 'shop_id': '5', 'currency': '978', 'shop_order_id': '102', 'description': 'for my family', 'sign': 'f3a391d1428e2fb743c64ba79efce9784ccc9e7d28007fb8059a6a30f247005b'}
2021-06-03 17:23:29,684:payments.piastrix_lib:{'amount': '220', 'shop_id': '5', 'currency': '978', 'shop_order_id': '102', 'description': 'for my family', 'sign': '04ea4b857f99b9f412d115dcd507210058c67526f09a536867b907a511fc0db5'}
2021-06-03 17:25:27,551:payments.piastrix_lib:{'amount': '2350', 'shop_id': '5', 'currency': '978', 'shop_order_id': '102', 'description': 'for my family and bodik', 'sign': 'd77c3c558aeb64e342392630c7ac97dbf28b0c8b112754cc91c9162518ae2bdd'}
2021-06-03 17:26:15,422:payments.piastrix_lib:{'amount': '2350', 'shop_id': '5', 'currency': '978', 'shop_order_id': '102', 'description': 'for my family and bodik', 'sign': 'd77c3c558aeb64e342392630c7ac97dbf28b0c8b112754cc91c9162518ae2bdd'}
2021-06-03 17:37:05,614:payments.piastrix_lib:{'amount': '2350', 'shop_id': '5', 'currency': '978', 'shop_order_id': '102', 'description': 'for my family and bodik', 'sign': 'd77c3c558aeb64e342392630c7ac97dbf28b0c8b112754cc91c9162518ae2bdd'}
2021-06-03 17:40:27,815:payments.piastrix_lib:{'amount': '235', 'shop_id': '5', 'currency': '978', 'shop_order_id': '102', 'description': 'for my family and bodik', 'sign': '4bd8e1d7356e9db34e4bb2f6887069098b4208aa823da5c493817c58996a9062'}
2021-06-03 17:41:23,995:payments.piastrix_lib:{'amount': '235', 'shop_id': '5', 'currency': '978', 'shop_order_id': '102', 'description': 'for my family and bodik', 'sign': '4bd8e1d7356e9db34e4bb2f6887069098b4208aa823da5c493817c58996a9062'}
2021-06-03 17:41:29,449:payments.piastrix_lib:{'amount': '231', 'shop_id': '5', 'currency': '978', 'shop_order_id': '102', 'description': 'for my family and bodik', 'sign': 'd70fe2da9ed34d1c20ac8275ae7107fa18768089283a93979e484df9561a7718'}
2021-06-03 17:43:04,291:payments.piastrix_lib:{'amount': '231', 'shop_id': '5', 'currency': '978', 'shop_order_id': '102', 'description': 'for my family and bodik', 'sign': 'd70fe2da9ed34d1c20ac8275ae7107fa18768089283a93979e484df9561a7718'}
2021-06-03 17:43:22,963:payments.piastrix_lib:{'amount': '231', 'shop_id': '5', 'currency': '978', 'shop_order_id': '102', 'description': 'for my family and bodik', 'sign': 'd70fe2da9ed34d1c20ac8275ae7107fa18768089283a93979e484df9561a7718'}
2021-06-03 17:43:28,658:payments.piastrix_lib:{'amount': '230', 'shop_id': '5', 'currency': '978', 'shop_order_id': '102', 'description': 'for my family and bodik', 'sign': '30459ec2a66d13d78016984990d615ff7b685681514df4312196d3a2f6d6c04d'}
2021-06-03 18:03:45,979:payments.piastrix_lib:{'amount': '200', 'shop_id': '5', 'currency': '978', 'shop_order_id': '102', 'description': 'for my family and bodik', 'sign': 'f3a391d1428e2fb743c64ba79efce9784ccc9e7d28007fb8059a6a30f247005b'}
2021-06-03 18:04:22,061:payments.piastrix_lib:{'amount': '200', 'shop_id': '5', 'currency': '978', 'shop_order_id': '102', 'description': 'for my family and bodik', 'sign': 'f3a391d1428e2fb743c64ba79efce9784ccc9e7d28007fb8059a6a30f247005b'}
2021-06-03 18:08:20,610:payments.piastrix_lib:{'amount': '200', 'shop_id': '5', 'currency': '978', 'shop_order_id': '102', 'description': 'for my family and bodik', 'sign': 'f3a391d1428e2fb743c64ba79efce9784ccc9e7d28007fb8059a6a30f247005b'}
2021-06-03 18:08:26,324:payments.piastrix_lib:{'amount': '190', 'shop_id': '5', 'currency': '978', 'shop_order_id': '102', 'description': 'for my family and bodik', 'sign': 'e08632fafdbb3b4ed1ba9984ff9b4b27d50adc2da8a8e142bedc227fe23afa56'}
2021-06-03 18:16:21,966:payments.piastrix_lib:{'amount': '119', 'shop_id': '5', 'currency': '978', 'shop_order_id': '102', 'description': '            for i in response:\r\n                print(i)\r\n                print(type(i))', 'sign': '84c86be39efb2d82d93f3452ab8749a5e5e5f23d57e7c5808f41af112255c0c9'}
2021-06-03 18:17:14,257:payments.piastrix_lib:{'amount': '199', 'shop_id': '5', 'currency': '978', 'shop_order_id': '102', 'description': 'hwer wer wer wer ', 'sign': 'ae05bc0dc73a6de3fa3cf403497b6b9658d8f51f30c9c28a5904b9518cc9e995'}
2021-06-03 18:24:38,029:payments.piastrix_lib:{'amount': '655', 'shop_id': '5', 'currency': '978', 'shop_order_id': '102', 'description': 'for us', 'sign': '8b3e15a2a4689d713af924ee9b1157345d3fd69e639d5806c0053b955cf0879c'}
2021-06-03 23:15:21,577:payments.logic:{'amount': '123', 'shop_id': '5', 'currency': '978', 'shop_order_id': '102', 'description': 'qrweqr qwerwqesad fsadf sadf ', 'sign': '51a1ffaa18372634034b85934c148213e7c310a26afecc629a538ffd99f1ca91'}
2021-06-03 23:19:17,619:payments.logic:{'amount': '1235', 'shop_id': '5', 'currency': '978', 'shop_order_id': '102', 'description': 'qrweqr qwerwqesad fsadf sadf ', 'sign': '7c7c5758f3cda4a7d05c96059bf027b081710e16d459c61643a0cd5827c16cac'}
2021-06-03 23:20:08,909:payments.logic:{'payer_currency': '840', 'shop_amount': '123', 'shop_currency': '840', 'shop_id': '5', 'shop_order_id': '103', 'description': 'qrweqr qwerwqesad fsadf sadf ', 'sign': 'b7e5ecd074ed61d91a6067ea19291443d4c5d3df8c1d55dfb24a15f3ffc958f5'}
2021-06-03 23:20:08,910:payments.logic:<bound method Response.raise_for_status of <Response [200]>>
2021-06-03 23:21:23,645:payments.logic:{'payer_currency': '840', 'shop_amount': '121', 'shop_currency': '840', 'shop_id': '5', 'shop_order_id': '103', 'description': 'qrweqr qwerwqesad fsadf sadf ', 'sign': '9554fbb775f484c2cd0fe9e3b44fdb59654760e3e7740263ade20328ff88d00c'}
2021-06-03 23:21:34,680:payments.logic:There was an error with creating a user: ['Field must be between 15 and 50 characters long.']
2021-06-03 23:22:29,055:payments.logic:There was an error with creating a user: ['This field is required.']
2021-06-03 23:22:29,055:payments.logic:There was an error with creating a user: ['Field must be between 15 and 50 characters long.']
2021-06-03 23:31:52,803:payments.logic:There was an error with creating a user: ['This field is required.']
2021-06-04 10:54:12,607:payments.logic:There was an error when filling a description form!:
2021-06-04 10:54:33,931:payments.logic:{'amount': '1222', 'currency': '643', 'shop_id': '5', 'payway': 'advcash_rub', 'shop_order_id': '101', 'description': 'for best people in the world to be happy and married for best p', 'sign': '291994e7332e00659a9441f65ec3f454554098d0e781bae67a7a5cd44b47cd1e'}
2021-06-04 10:56:47,527:payments.logic:Description must be between 15 and 100 characters long
2021-06-04 10:56:47,527:payments.logic:Amount must be between 15 and 100 characters long :)
2021-06-04 10:57:55,177:payments.logic:Description must be between 15 and 100 characters long
2021-06-04 10:57:55,177:payments.logic:Amount must be between 15 and 100 characters long :)
2021-06-04 10:58:00,019:payments.logic:{'amount': '1222', 'shop_id': '5', 'currency': '978', 'shop_order_id': '102', 'description': 'for best people in the world to be happy and married for best p', 'sign': '1f11eaa24d6905a2b070347b4db7156da17d1f59c387052aeeabe6170eca353c'}
2021-06-04 10:58:27,847:payments.logic:Description must be between 15 and 100 characters long
2021-06-04 10:58:27,847:payments.logic:Amount shoud not be less than 1 and more then 5000
2021-06-04 10:58:31,015:payments.logic:{'amount': '122', 'shop_id': '5', 'currency': '978', 'shop_order_id': '102', 'description': 'for best people in the world to be happy and married for best p', 'sign': '1917ba12463aee1592fefea06e7e5e8a07a740f65d107c2d3ba51ce891c7a76b'}
2021-06-04 11:25:56,529:payments.logic:Description must be between 15 and 100 characters long
2021-06-04 11:25:56,529:payments.logic:Amount shoud not be less than 1 and more then 5000
2021-06-04 11:27:25,106:payments.logic:Description must be between 15 and 100 characters long
2021-06-04 11:27:25,106:payments.logic:Amount shoud not be less than 1 and more then 5000
2021-06-04 11:32:43,584:payments.logic:{'amount': '122', 'shop_id': '5', 'currency': '978', 'shop_order_id': '102', 'description': 'for best people in the world to be  married for best p', 'sign': '1917ba12463aee1592fefea06e7e5e8a07a740f65d107c2d3ba51ce891c7a76b'}
2021-06-04 11:33:07,899:payments.logic:Error in sumission the form: ['Description must be between 15 and 100 characters long.']
2021-06-04 11:33:53,899:payments.logic:Error in sumission the form: ['Number must be between 1 and 5000.']
2021-06-04 11:39:51,206:payments.logic:Error in sumission the form: ['Number must be between 1 and 5000.']
2021-06-04 11:41:16,524:payments.logic:Error in sumission the form: ['Number must be between 1 and 5000.']
2021-06-04 11:41:37,828:payments.logic:Error in sumission the form: ['Number must be between 1 and 5000.']
2021-06-04 11:41:37,828:payments.logic:Error in sumission the form: ['Description must be between 15 and 100 characters long.']
2021-06-04 11:41:45,176:payments.logic:Error in sumission the form: ['Number must be between 1 and 5000.']
2021-06-04 11:41:45,176:payments.logic:Error in sumission the form: ['Description must be between 15 and 100 characters long.']
2021-06-04 11:43:24,947:payments.logic:{'amount': '122', 'shop_id': '5', 'currency': '978', 'shop_order_id': '102', 'description': "Description must be between 15 and 100 characters long.'asd sadf sadf sadf sdf sd adsf asdf as", 'sign': '1917ba12463aee1592fefea06e7e5e8a07a740f65d107c2d3ba51ce891c7a76b'}
2021-06-04 11:45:51,932:payments.logic:Error in sumission the form: ['Description must be between 15 and 100 characters long.']
2021-06-04 11:45:57,479:payments.logic:{'amount': '122', 'shop_id': '5', 'currency': '978', 'shop_order_id': '102', 'description': 'qwt wqert ewrt erwt ', 'sign': '1917ba12463aee1592fefea06e7e5e8a07a740f65d107c2d3ba51ce891c7a76b'}
2021-06-04 11:51:06,226:payments.logic:{'amount': '1233', 'shop_id': '5', 'currency': '978', 'shop_order_id': '102', 'description': 'Taras is finishing flask project!', 'sign': '12f54c7a1622cdcf6b90c4d39b830ca4a8f287db24a330ec44a693001e54f240'}
2021-06-04 11:51:14,121:payments.logic:{'amount': '1233', 'shop_id': '5', 'currency': '978', 'shop_order_id': '102', 'description': 'Taras is finishing flask project!', 'sign': '12f54c7a1622cdcf6b90c4d39b830ca4a8f287db24a330ec44a693001e54f240'}
2021-06-04 11:54:26,161:payments.logic:{'amount': '1233', 'shop_id': '5', 'currency': '978', 'shop_order_id': '102', 'description': 'Taras is finishing flask project!', 'sign': '12f54c7a1622cdcf6b90c4d39b830ca4a8f287db24a330ec44a693001e54f240'}
2021-06-04 12:01:25,748:payments.logic:{'amount': '1233', 'shop_id': '5', 'currency': '978', 'shop_order_id': '102', 'description': 'Taras is finishing flask project!', 'sign': '12f54c7a1622cdcf6b90c4d39b830ca4a8f287db24a330ec44a693001e54f240'}
2021-06-04 12:01:47,218:payments.logic:{'amount': '1233', 'shop_id': '5', 'currency': '978', 'shop_order_id': '102', 'description': 'Taras is finishing flask project!', 'sign': '12f54c7a1622cdcf6b90c4d39b830ca4a8f287db24a330ec44a693001e54f240'}
2021-06-04 12:03:21,985:payments.logic:{'amount': '1233', 'shop_id': '5', 'currency': '978', 'shop_order_id': '102', 'description': 'Taras is finishing flask project!', 'sign': '12f54c7a1622cdcf6b90c4d39b830ca4a8f287db24a330ec44a693001e54f240'}
2021-06-04 12:04:11,745:payments.logic:{'amount': '1233', 'shop_id': '5', 'currency': '978', 'shop_order_id': '102', 'description': 'Taras is finishing flask project!', 'sign': '12f54c7a1622cdcf6b90c4d39b830ca4a8f287db24a330ec44a693001e54f240'}
2021-06-04 12:04:21,202:payments.logic:{'amount': '1233', 'shop_id': '5', 'currency': '978', 'shop_order_id': '102', 'description': 'Taras is finishing flask project!', 'sign': '12f54c7a1622cdcf6b90c4d39b830ca4a8f287db24a330ec44a693001e54f240'}
2021-06-04 12:04:46,788:payments.logic:{'amount': '1233', 'shop_id': '5', 'currency': '978', 'shop_order_id': '102', 'description': 'Taras is finishing flask project!', 'sign': '12f54c7a1622cdcf6b90c4d39b830ca4a8f287db24a330ec44a693001e54f240'}
2021-06-04 12:07:27,437:payments.logic:{'amount': '1233', 'shop_id': '5', 'currency': '978', 'shop_order_id': '102', 'description': 'Taras is finishing flask project!', 'sign': '12f54c7a1622cdcf6b90c4d39b830ca4a8f287db24a330ec44a693001e54f240'}
2021-06-04 12:09:17,017:payments.logic:{'amount': '1233', 'shop_id': '5', 'currency': '978', 'shop_order_id': '102', 'description': 'Taras is finishing flask project!', 'sign': '12f54c7a1622cdcf6b90c4d39b830ca4a8f287db24a330ec44a693001e54f240'}
2021-06-04 12:10:23,780:payments.logic:{'amount': '1233', 'shop_id': '5', 'currency': '978', 'shop_order_id': '102', 'description': 'Taras is finishing flask project!', 'sign': '12f54c7a1622cdcf6b90c4d39b830ca4a8f287db24a330ec44a693001e54f240'}
2021-06-04 12:11:40,842:payments.logic:{'amount': '1233', 'shop_id': '5', 'currency': '978', 'shop_order_id': '102', 'description': 'Taras is finishing flask project!', 'sign': '12f54c7a1622cdcf6b90c4d39b830ca4a8f287db24a330ec44a693001e54f240'}
2021-06-04 12:12:19,838:payments.logic:{'amount': '1233', 'shop_id': '5', 'currency': '978', 'shop_order_id': '102', 'description': 'Taras is finishing flask project!', 'sign': '12f54c7a1622cdcf6b90c4d39b830ca4a8f287db24a330ec44a693001e54f240'}
2021-06-04 12:13:06,868:payments.logic:{'amount': '1233', 'shop_id': '5', 'currency': '978', 'shop_order_id': '102', 'description': 'Taras is finishing flask project!', 'sign': '12f54c7a1622cdcf6b90c4d39b830ca4a8f287db24a330ec44a693001e54f240'}
2021-06-04 12:14:10,885:payments.logic:{'amount': '1233', 'shop_id': '5', 'currency': '978', 'shop_order_id': '102', 'description': 'Taras is finishing flask project!', 'sign': '12f54c7a1622cdcf6b90c4d39b830ca4a8f287db24a330ec44a693001e54f240'}
2021-06-04 12:15:45,321:payments.logic:{'amount': '2314', 'shop_id': '5', 'currency': '978', 'shop_order_id': '102', 'description': '1234 sda fadg sgf dsfg sdgfd ', 'sign': 'f1ca70e25928f89c71cb0abf4753de842e459cd949c8d20a9035a5a405a14737'}
2021-06-04 12:15:56,608:payments.logic:{'amount': '2314', 'currency': '643', 'shop_id': '5', 'payway': 'advcash_rub', 'shop_order_id': '101', 'description': '1234 sda fadg sgf dsfg sdgfd ', 'sign': '4db58887a3ab07ec269c277690323fc4a1310ed83c0f36e5162e86dd00e9cfa8'}
2021-06-04 12:18:08,679:payments.logic:{'amount': '2314', 'shop_id': '5', 'currency': '978', 'shop_order_id': '102', 'description': '1234 sda fadg sgf dsfg sdgfd ', 'sign': 'f1ca70e25928f89c71cb0abf4753de842e459cd949c8d20a9035a5a405a14737'}
2021-06-04 12:20:25,474:payments.logic:{'amount': '2314', 'currency': '643', 'shop_id': '5', 'payway': 'advcash_rub', 'shop_order_id': '101', 'description': '1234 sda fadg sgf dsfg sdgfd ', 'sign': '4db58887a3ab07ec269c277690323fc4a1310ed83c0f36e5162e86dd00e9cfa8'}
2021-06-04 12:21:28,278:payments.logic:{'amount': '2314', 'currency': '643', 'shop_id': '5', 'payway': 'advcash_rub', 'shop_order_id': '101', 'description': '1234 sda fadg sgf dsfg sdgfd ', 'sign': '4db58887a3ab07ec269c277690323fc4a1310ed83c0f36e5162e86dd00e9cfa8'}
2021-06-04 12:22:05,757:payments.logic:{'amount': '2314', 'currency': '643', 'shop_id': '5', 'payway': 'advcash_rub', 'shop_order_id': '101', 'description': '1234 sda fadg sgf dsfg sdgfd ', 'sign': '4db58887a3ab07ec269c277690323fc4a1310ed83c0f36e5162e86dd00e9cfa8'}
2021-06-04 12:24:28,894:payments.logic:{'amount': '2314', 'currency': '643', 'shop_id': '5', 'payway': 'advcash_rub', 'shop_order_id': '101', 'description': '1234 sda fadg sgf dsfg sdgfd ', 'sign': '4db58887a3ab07ec269c277690323fc4a1310ed83c0f36e5162e86dd00e9cfa8'}
2021-06-04 12:25:01,563:payments.logic:{'amount': '2314', 'currency': '643', 'shop_id': '5', 'payway': 'advcash_rub', 'shop_order_id': '101', 'description': '1234 sda fadg sgf dsfg sdgfd ', 'sign': '4db58887a3ab07ec269c277690323fc4a1310ed83c0f36e5162e86dd00e9cfa8'}
2021-06-04 12:25:14,374:payments.logic:{'amount': '2314', 'shop_id': '5', 'currency': '978', 'shop_order_id': '102', 'description': '1234 sda fadg sgf dsfg sdgfd ', 'sign': 'f1ca70e25928f89c71cb0abf4753de842e459cd949c8d20a9035a5a405a14737'}
2021-06-04 13:01:24,758:payments.logic:{'amount': '122', 'shop_id': '5', 'currency': '978', 'shop_order_id': '102', 'description': 'Taras is finishing flask project!', 'sign': '1917ba12463aee1592fefea06e7e5e8a07a740f65d107c2d3ba51ce891c7a76b'}
2021-06-04 13:04:00,353:payments.logic:{'amount': '135', 'shop_id': '5', 'currency': '978', 'shop_order_id': '102', 'description': 'Taras is finishing flask project!', 'sign': 'b247e93c2d75640ded71df5f0144ed4c2eeb97bc52359fc1bbdd8601b21de32b'}
2021-06-04 13:04:33,273:payments.logic:{'amount': '135', 'shop_id': '5', 'currency': '978', 'shop_order_id': '102', 'description': 'Taras is finishing flask project!', 'sign': 'b247e93c2d75640ded71df5f0144ed4c2eeb97bc52359fc1bbdd8601b21de32b'}
2021-06-04 13:05:10,763:payments.logic:{'amount': '23', 'shop_id': '5', 'currency': '978', 'shop_order_id': '102', 'description': 'Taras is finishing flask project!', 'sign': '68a82b46eda91055b4c450e1ca880028385935cbb9ebb50da4efd567fff774c0'}
2021-06-04 13:05:39,700:payments.logic:{'amount': '23', 'shop_id': '5', 'currency': '978', 'shop_order_id': '102', 'description': 'Taras is finishing flask project!', 'sign': '68a82b46eda91055b4c450e1ca880028385935cbb9ebb50da4efd567fff774c0'}
2021-06-04 13:05:43,893:payments.logic:{'payer_currency': '840', 'shop_amount': '23', 'shop_currency': '840', 'shop_id': '5', 'shop_order_id': '103', 'description': 'Taras is finishing flask project!', 'sign': '485c27f091c1d898b75bb4462603e49745f96077749e0ed2a57ab6520df3b61b'}
2021-06-04 13:05:52,182:payments.logic:{'amount': '23', 'shop_id': '5', 'currency': '978', 'shop_order_id': '102', 'description': 'Taras is finishing flask project!', 'sign': '68a82b46eda91055b4c450e1ca880028385935cbb9ebb50da4efd567fff774c0'}
2021-06-04 13:06:31,739:payments.logic:{'amount': '1333', 'shop_id': '5', 'currency': '978', 'shop_order_id': '102', 'description': 'I need only to deploy my app!', 'sign': '96abd823c8706ac246f315f1a2735e76537747fdad1b07bdcea919a09450b592'}
2021-06-04 13:09:27,978:payments.logic:{'amount': '1233', 'shop_id': '5', 'currency': '978', 'shop_order_id': '102', 'description': 'Taras is finishing flask project!', 'sign': '12f54c7a1622cdcf6b90c4d39b830ca4a8f287db24a330ec44a693001e54f240'}
2021-06-04 13:10:04,122:payments.logic:{'amount': '1233', 'currency': '643', 'shop_id': '5', 'payway': 'advcash_rub', 'shop_order_id': '101', 'description': 'Taras is finishing flask project!', 'sign': '9da130959d39e098e8f6903f9a84ed60fa23935a3339b64c0f18c7e3802f4fc8'}
2021-06-04 13:11:10,375:payments.logic:{'amount': '1000', 'currency': '643', 'shop_id': '5', 'payway': 'advcash_rub', 'shop_order_id': '101', 'description': 'Zinkiw and Zavaodke', 'sign': 'b0b2aec4bc9645450674e674110e0939193c45780631fa31b843fc0c950e6061'}
